[2026-06-10 14:37:23] DispatcherUnhandledException: System.Reflection.TargetInvocationException: Exception has been thrown by the target of an invocation.
   at System.RuntimeType.CreateInstanceDefaultCtor(Boolean publicOnly, Boolean wrapExceptions)
   at System.RuntimeType.CreateInstanceImpl(BindingFlags bindingAttr, Binder binder, Object[] args, CultureInfo culture)
   at System.Activator.CreateInstance(Type type, Object[] args)
   at MS.Internal.Xaml.Runtime.ClrObjectRuntime.CreateInstance(XamlType xamlType, Object[] args)
   at System.Xaml.XamlObjectWriter.Logic_CreateAndAssignToParentStart(ObjectWriterContext ctx)
   at System.Xaml.XamlObjectWriter.WriteStartMember(XamlMember property)
   at System.Windows.Markup.WpfXamlLoader.TransformNodes(XamlReader xamlReader, XamlObjectWriter xamlWriter, Boolean onlyLoadOneNode, Boolean skipJournaledProperties, Boolean shouldPassLineNumberInfo, IXamlLineInfo xamlLineInfo, IXamlLineInfoConsumer xamlLineInfoConsumer, XamlContextStack`1 stack, IStyleConnector styleConnector)
   at System.Windows.Markup.WpfXamlLoader.Load(XamlReader xamlReader, IXamlObjectWriterFactory writerFactory, Boolean skipJournaledProperties, Object rootObject, XamlObjectWriterSettings settings, Uri baseUri)
   at System.Windows.Markup.WpfXamlLoader.LoadBaml(XamlReader xamlReader, Boolean skipJournaledProperties, Object rootObject, XamlAccessLevel accessLevel, Uri baseUri)
   at System.Windows.Markup.XamlReader.LoadBaml(Stream stream, ParserContext parserContext, Object parent, Boolean closeStream)
   at System.Windows.Application.LoadBamlStreamWithSyncInfo(Stream stream, ParserContext pc)
   at System.Windows.Application.DoStartup()
   at System.Windows.Application.<.ctor>b__1_0(Object unused)
   at System.Windows.Threading.ExceptionWrapper.InternalRealCall(Delegate callback, Object args, Int32 numArgs)
   at System.Windows.Threading.ExceptionWrapper.TryCatchWhen(Object source, Delegate callback, Object args, Int32 numArgs, Delegate catchHandler)
  Inner: System.NullReferenceException: Object reference not set to an instance of an object.
   at PyConnectKiosk.SlotService.BuildDefaultSlots() in C:\Users\ISS_Laptop_5\Downloads\mark6_v6\PyConnectKiosk\SlotService.cs:line 217
   at PyConnectKiosk.SlotService.GetAll() in C:\Users\ISS_Laptop_5\Downloads\mark6_v6\PyConnectKiosk\SlotService.cs:line 50
   at PyConnectKiosk.MainWindow..ctor() in C:\Users\ISS_Laptop_5\Downloads\mark6_v6\PyConnectKiosk\MainWindow.xaml.cs:line 79
   at System.RuntimeType.CreateInstanceDefaultCtor(Boolean publicOnly, Boolean wrapExceptions)
--------------------------------------------------------------------------------
